<?xml version="1.0" encoding="UTF-8"?>
<!-- Generated by org.testng.reporters.JUnitReportReporter -->
<testsuite hostname="LAPTOP-7VII1ULP" failures="0" tests="4" name="com.qa.opencart.test.LoginPageTest" time="3.001" errors="0" timestamp="2021-11-19T15:46:48 IST" skipped="0">
  <testcase classname="com.qa.opencart.test.LoginPageTest" name="loginPageTittleTest" time="0.027"/>
  <system-out/>
  <testcase classname="com.qa.opencart.test.LoginPageTest" name="ForgottenLinkTest" time="0.080"/>
  <system-out/>
  <testcase classname="com.qa.opencart.test.LoginPageTest" name="LoginLinkTest" time="0.054"/>
  <system-out/>
  <testcase classname="com.qa.opencart.test.LoginPageTest" name="LoginAppTest" time="2.840"/>
  <system-out/>
</testsuite> <!-- com.qa.opencart.test.LoginPageTest -->
