<?xml version="1.0" encoding="UTF-8"?>
<!-- Generated by org.testng.reporters.JUnitReportReporter -->
<testsuite hostname="LAPTOP-7VII1ULP" failures="0" tests="1" name="com.qa.opencart.test.AccountsPageTest" time="10.576" errors="0" timestamp="2023-11-24T11:34:57 IST" skipped="0">
  <testcase classname="com.qa.opencart.test.AccountsPageTest" name="validateElementInSearchpage" time="10.576"/>
  <system-out/>
</testsuite> <!-- com.qa.opencart.test.AccountsPageTest -->
